Started GET "/" for 127.0.0.1 at 2017-04-02 21:36:56 +0700
Processing by ApplicationController#hello as HTML
  Rendering html template
  Rendered html template (0.0ms)
Completed 200 OK in 17ms (Views: 7.0ms | ActiveRecord: 0.0ms)


Started GET "/" for 127.0.0.1 at 2017-04-02 22:11:07 +0700
Processing by ApplicationController#hello as HTML
  Rendering html template
  Rendered html template (0.0ms)
Completed 200 OK in 15ms (Views: 6.2ms | ActiveRecord: 0.0ms)


Started GET "/static_pages/home" for 127.0.0.1 at 2017-04-02 22:11:31 +0700
Processing by StaticPagesController#home as HTML
  Rendering static_pages/home.html.erb within layouts/application
  Rendered static_pages/home.html.erb within layouts/application (1.2ms)
Completed 200 OK in 696ms (Views: 694.9ms | ActiveRecord: 0.0ms)


Started GET "/static_pages/home" for 127.0.0.1 at 2017-04-02 22:17:31 +0700
Processing by StaticPagesController#home as HTML
  Rendering static_pages/home.html.erb within layouts/application
  Rendered static_pages/home.html.erb within layouts/application (1.1ms)
Completed 200 OK in 205ms (Views: 195.7ms | ActiveRecord: 0.0ms)


Started GET "/static_pages/help" for 127.0.0.1 at 2017-04-02 22:18:28 +0700
Processing by StaticPagesController#help as HTML
  Rendering static_pages/help.html.erb within layouts/application
  Rendered static_pages/help.html.erb within layouts/application (1.9ms)
Completed 200 OK in 51ms (Views: 49.6ms | ActiveRecord: 0.0ms)


Started GET "/static_pages/home" for 127.0.0.1 at 2017-04-02 23:27:37 +0700
Processing by StaticPagesController#home as HTML
  Rendering static_pages/home.html.erb within layouts/application
  Rendered static_pages/home.html.erb within layouts/application (1.1ms)
Completed 200 OK in 278ms (Views: 263.1ms | ActiveRecord: 0.0ms)


Started GET "/static_pages/home" for 127.0.0.1 at 2017-04-03 07:44:20 +0700
Processing by StaticPagesController#home as HTML
  Rendering static_pages/home.html.erb within layouts/application
  Rendered static_pages/home.html.erb within layouts/application (1.0ms)
Completed 200 OK in 317ms (Views: 307.7ms | ActiveRecord: 0.0ms)


Started GET "/static_pages/home" for 127.0.0.1 at 2017-04-03 07:45:15 +0700
Processing by StaticPagesController#home as HTML
  Rendering static_pages/home.html.erb within layouts/application
  Rendered static_pages/home.html.erb within layouts/application (0.4ms)
Completed 200 OK in 22ms (Views: 20.8ms | ActiveRecord: 0.0ms)


Started GET "/static_pages/about" for 127.0.0.1 at 2017-04-03 07:46:22 +0700
Processing by StaticPagesController#about as HTML
  Rendering static_pages/about.html.erb within layouts/application
  Rendered static_pages/about.html.erb within layouts/application (1.1ms)
Completed 200 OK in 225ms (Views: 214.7ms | ActiveRecord: 0.0ms)


Started GET "/static_pages/help" for 127.0.0.1 at 2017-04-03 07:46:29 +0700
Processing by StaticPagesController#help as HTML
  Rendering static_pages/help.html.erb within layouts/application
  Rendered static_pages/help.html.erb within layouts/application (0.5ms)
Completed 200 OK in 30ms (Views: 28.5ms | ActiveRecord: 0.0ms)


Started GET "/static_pages/home" for 127.0.0.1 at 2017-04-03 07:47:33 +0700
Processing by StaticPagesController#home as HTML
  Rendering static_pages/home.html.erb within layouts/application
  Rendered static_pages/home.html.erb within layouts/application (0.6ms)
Completed 200 OK in 26ms (Views: 24.3ms | ActiveRecord: 0.0ms)


Started GET "/static_pages/about" for 127.0.0.1 at 2017-04-03 07:49:43 +0700
Processing by StaticPagesController#about as HTML
  Rendering static_pages/about.html.erb within layouts/application
  Rendered static_pages/about.html.erb within layouts/application (1.1ms)
Completed 200 OK in 199ms (Views: 189.4ms | ActiveRecord: 0.0ms)


Started GET "/static_pages/about" for 127.0.0.1 at 2017-04-03 07:52:02 +0700
Processing by StaticPagesController#about as HTML
  Rendering static_pages/about.html.erb
  Rendered static_pages/about.html.erb (1.2ms)
Completed 200 OK in 16ms (Views: 5.7ms | ActiveRecord: 0.0ms)


Started GET "/static_pages/about" for 127.0.0.1 at 2017-04-03 08:01:24 +0700
Processing by StaticPagesController#about as HTML
  Rendering static_pages/about.html.erb within layouts/application
  Rendered static_pages/about.html.erb within layouts/application (1.2ms)
Completed 200 OK in 211ms (Views: 200.6ms | ActiveRecord: 0.0ms)


Started GET "/static_pages/about" for 127.0.0.1 at 2017-04-03 08:02:16 +0700
Processing by StaticPagesController#about as HTML
  Rendering static_pages/about.html.erb within layouts/application
  Rendered static_pages/about.html.erb within layouts/application (1.1ms)
Completed 500 Internal Server Error in 88ms (ActiveRecord: 0.0ms)


  
SyntaxError (/home/dieunguyen/app/sample_app/app/views/layouts/application.html.erb:9: unknown regexp options - had
/home/dieunguyen/app/sample_app/app/views/layouts/application.html.erb:9: unmatched close parenthesis: /title>
    <%= csrf_meta_tags );@output_buffer.safe_append='

    '.freeze;@output_buffer.append=( stylesheet_link_tag    'application', media: 'all', 'data-turbolinks-track': 'reload' );@output_buffer.safe_append='
    '.freeze;@output_buffer.append=( javascript_include_tag 'application', 'data-turbolinks-track': 'reload' );@output_buffer.safe_append='
  </
/home/dieunguyen/app/sample_app/app/views/layouts/application.html.erb:11: syntax error, unexpected '<'
  <body>
   ^
/home/dieunguyen/app/sample_app/app/views/layouts/application.html.erb:13: syntax error, unexpected '<', expecting ')'
  </body>
   ^
/home/dieunguyen/app/sample_app/app/views/layouts/application.html.erb:14: unknown regexp options - htl
/home/dieunguyen/app/sample_app/app/views/layouts/application.html.erb:15: unterminated string meets end of file
/home/dieunguyen/app/sample_app/app/views/layouts/application.html.erb:15: syntax error, unexpected end-of-input, expecting ')'):
  
app/views/layouts/application.html.erb:9: unknown regexp options - had
app/views/layouts/application.html.erb:9: unmatched close parenthesis: /title>
app/views/layouts/application.html.erb:11: syntax error, unexpected '<'
app/views/layouts/application.html.erb:13: syntax error, unexpected '<', expecting ')'
app/views/layouts/application.html.erb:14: unknown regexp options - htl
app/views/layouts/application.html.erb:15: unterminated string meets end of file
app/views/layouts/application.html.erb:15: syntax error, unexpected end-of-input, expecting ')'
Started GET "/static_pages/about" for 127.0.0.1 at 2017-04-03 08:02:56 +0700
Processing by StaticPagesController#about as HTML
  Rendering static_pages/about.html.erb within layouts/application
  Rendered static_pages/about.html.erb within layouts/application (1.2ms)
Completed 500 Internal Server Error in 17ms (ActiveRecord: 0.0ms)


  
SyntaxError (/home/dieunguyen/app/sample_app/app/views/layouts/application.html.erb:9: unknown regexp options - had
/home/dieunguyen/app/sample_app/app/views/layouts/application.html.erb:9: unmatched close parenthesis: /title>
    <%= csrf_meta_tags );@output_buffer.safe_append='

    '.freeze;@output_buffer.append=( stylesheet_link_tag    'application', media: 'all', 'data-turbolinks-track': 'reload' );@output_buffer.safe_append='
    '.freeze;@output_buffer.append=( javascript_include_tag 'application', 'data-turbolinks-track': 'reload' );@output_buffer.safe_append='
  </
/home/dieunguyen/app/sample_app/app/views/layouts/application.html.erb:11: syntax error, unexpected '<'
  <body>
   ^
/home/dieunguyen/app/sample_app/app/views/layouts/application.html.erb:13: syntax error, unexpected '<', expecting ')'
  </body>
   ^
/home/dieunguyen/app/sample_app/app/views/layouts/application.html.erb:14: unknown regexp options - htl
/home/dieunguyen/app/sample_app/app/views/layouts/application.html.erb:15: unterminated string meets end of file
/home/dieunguyen/app/sample_app/app/views/layouts/application.html.erb:15: syntax error, unexpected end-of-input, expecting ')'):
  
app/views/layouts/application.html.erb:9: unknown regexp options - had
app/views/layouts/application.html.erb:9: unmatched close parenthesis: /title>
app/views/layouts/application.html.erb:11: syntax error, unexpected '<'
app/views/layouts/application.html.erb:13: syntax error, unexpected '<', expecting ')'
app/views/layouts/application.html.erb:14: unknown regexp options - htl
app/views/layouts/application.html.erb:15: unterminated string meets end of file
app/views/layouts/application.html.erb:15: syntax error, unexpected end-of-input, expecting ')'
Started GET "/static_pages/about" for 127.0.0.1 at 2017-04-03 08:10:05 +0700
Processing by StaticPagesController#about as HTML
  Rendering static_pages/about.html.erb within layouts/application
  Rendered static_pages/about.html.erb within layouts/application (1.3ms)
Completed 200 OK in 232ms (Views: 221.9ms | ActiveRecord: 0.0ms)


Started GET "/" for 127.0.0.1 at 2017-04-03 08:17:23 +0700
Processing by StaticPagesController#home as HTML
  Rendering static_pages/home.html.erb within layouts/application
  Rendered static_pages/home.html.erb within layouts/application (1.2ms)
Completed 200 OK in 222ms (Views: 212.1ms | ActiveRecord: 0.0ms)


Started GET "/" for 127.0.0.1 at 2017-04-03 08:27:38 +0700
Processing by StaticPagesController#home as HTML
  Rendering static_pages/home.html.erb within layouts/application
  Rendered static_pages/home.html.erb within layouts/application (1.1ms)
Completed 200 OK in 245ms (Views: 234.9ms | ActiveRecord: 0.0ms)


Started GET "/static_pages/about" for 127.0.0.1 at 2017-04-03 08:27:44 +0700
Processing by StaticPagesController#about as HTML
  Rendering static_pages/about.html.erb within layouts/application
  Rendered static_pages/about.html.erb within layouts/application (0.5ms)
Completed 200 OK in 33ms (Views: 32.1ms | ActiveRecord: 0.0ms)


Started GET "/static_pages/home" for 127.0.0.1 at 2017-04-03 08:27:48 +0700
  
ActionController::RoutingError (No route matches [GET] "/static_pages/home"):
  
actionpack (5.0.2) lib/action_dispatch/middleware/debug_exceptions.rb:53:in `call'
web-console (3.5.0) lib/web_console/middleware.rb:135:in `call_app'
web-console (3.5.0) lib/web_console/middleware.rb:28:in `block in call'
web-console (3.5.0) lib/web_console/middleware.rb:18:in `catch'
web-console (3.5.0) lib/web_console/middleware.rb:18:in `call'
actionpack (5.0.2) lib/action_dispatch/middleware/show_exceptions.rb:31:in `call'
railties (5.0.2) lib/rails/rack/logger.rb:36:in `call_app'
railties (5.0.2) lib/rails/rack/logger.rb:24:in `block in call'
activesupport (5.0.2) lib/active_support/tagged_logging.rb:69:in `block in tagged'
activesupport (5.0.2) lib/active_support/tagged_logging.rb:26:in `tagged'
activesupport (5.0.2) lib/active_support/tagged_logging.rb:69:in `tagged'
railties (5.0.2) lib/rails/rack/logger.rb:24:in `call'
sprockets-rails (3.2.0) lib/sprockets/rails/quiet_assets.rb:13:in `call'
actionpack (5.0.2) lib/action_dispatch/middleware/request_id.rb:24:in `call'
rack (2.0.1) lib/rack/method_override.rb:22:in `call'
rack (2.0.1) lib/rack/runtime.rb:22:in `call'
activesupport (5.0.2) lib/active_support/cache/strategy/local_cache_middleware.rb:28:in `call'
actionpack (5.0.2) lib/action_dispatch/middleware/executor.rb:12:in `call'
actionpack (5.0.2) lib/action_dispatch/middleware/static.rb:136:in `call'
rack (2.0.1) lib/rack/sendfile.rb:111:in `call'
railties (5.0.2) lib/rails/engine.rb:522:in `call'
puma (3.8.2) lib/puma/configuration.rb:224:in `call'
puma (3.8.2) lib/puma/server.rb:600:in `handle_request'
puma (3.8.2) lib/puma/server.rb:435:in `process_client'
puma (3.8.2) lib/puma/server.rb:299:in `block in run'
puma (3.8.2) lib/puma/thread_pool.rb:120:in `block in spawn_thread'
  Rendering /home/dieunguyen/.rvm/gems/ruby-2.4.0/gems/actionpack-5.0.2/lib/action_dispatch/middleware/templates/rescues/routing_error.html.erb within rescues/layout
  Rendering /home/dieunguyen/.rvm/gems/ruby-2.4.0/gems/actionpack-5.0.2/lib/action_dispatch/middleware/templates/rescues/_trace.html.erb
  Rendered /home/dieunguyen/.rvm/gems/ruby-2.4.0/gems/actionpack-5.0.2/lib/action_dispatch/middleware/templates/rescues/_trace.html.erb (1.5ms)
  Rendered collection of /home/dieunguyen/.rvm/gems/ruby-2.4.0/gems/actionpack-5.0.2/lib/action_dispatch/middleware/templates/routes/_route.html.erb [4 times] (2.6ms)
  Rendered /home/dieunguyen/.rvm/gems/ruby-2.4.0/gems/actionpack-5.0.2/lib/action_dispatch/middleware/templates/routes/_table.html.erb (30.9ms)
  Rendering /home/dieunguyen/.rvm/gems/ruby-2.4.0/gems/actionpack-5.0.2/lib/action_dispatch/middleware/templates/rescues/_request_and_response.html.erb
  Rendered /home/dieunguyen/.rvm/gems/ruby-2.4.0/gems/actionpack-5.0.2/lib/action_dispatch/middleware/templates/rescues/_request_and_response.html.erb (1.1ms)
  Rendered /home/dieunguyen/.rvm/gems/ruby-2.4.0/gems/actionpack-5.0.2/lib/action_dispatch/middleware/templates/rescues/routing_error.html.erb within rescues/layout (64.3ms)
Started GET "/static_pages/help" for 127.0.0.1 at 2017-04-03 08:27:54 +0700
Processing by StaticPagesController#help as HTML
  Rendering static_pages/help.html.erb within layouts/application
  Rendered static_pages/help.html.erb within layouts/application (0.6ms)
Completed 200 OK in 50ms (Views: 48.2ms | ActiveRecord: 0.0ms)


  [1m[35m (12.9ms)[0m  [1m[34mSELECT pg_try_advisory_lock(7099467589995211095);[0m
  [1m[36mActiveRecord::SchemaMigration Load (27.6ms)[0m  [1m[34mSELECT "schema_migrations".* FROM "schema_migrations"[0m
  [1m[36mActiveRecord::InternalMetadata Load (23.5ms)[0m  [1m[34mSELECT  "ar_internal_metadata".* FROM "ar_internal_metadata" WHERE "ar_internal_metadata"."key" = $1 LIMIT $2[0m  [["key", :environment], ["LIMIT", 1]]
  [1m[35m (0.4ms)[0m  [1m[35mBEGIN[0m
  [1m[35m (0.4ms)[0m  [1m[35mCOMMIT[0m
  [1m[35m (0.6ms)[0m  [1m[34mSELECT pg_advisory_unlock(7099467589995211095)[0m
  [1m[36mActiveRecord::SchemaMigration Load (0.5ms)[0m  [1m[34mSELECT "schema_migrations".* FROM "schema_migrations"[0m
Started GET "/static_pages/about" for 127.0.0.1 at 2017-04-03 09:20:53 +0700
Processing by StaticPagesController#about as HTML
  Rendering static_pages/about.html.erb within layouts/application
  Rendered static_pages/about.html.erb within layouts/application (1.1ms)
Completed 200 OK in 222ms (Views: 212.0ms | ActiveRecord: 0.0ms)


Started GET "/static_pages/about" for 127.0.0.1 at 2017-04-03 09:27:05 +0700
Processing by StaticPagesController#about as HTML
  Rendering static_pages/about.html.erb within layouts/application
  Rendered static_pages/about.html.erb within layouts/application (1.3ms)
Completed 200 OK in 219ms (Views: 208.3ms | ActiveRecord: 0.0ms)


Started GET "/static_pages/about" for 127.0.0.1 at 2017-04-03 09:27:25 +0700
Processing by StaticPagesController#about as HTML
  Rendering static_pages/about.html.erb within layouts/application
  Rendered static_pages/about.html.erb within layouts/application (0.5ms)
Completed 200 OK in 24ms (Views: 23.4ms | ActiveRecord: 0.0ms)


Started GET "/static_pages/about" for 127.0.0.1 at 2017-04-03 13:38:16 +0700
Processing by StaticPagesController#about as HTML
  Rendering static_pages/about.html.erb within layouts/application
  Rendered static_pages/about.html.erb within layouts/application (1.2ms)
Completed 200 OK in 231ms (Views: 220.9ms | ActiveRecord: 0.0ms)


Started GET "/static_pages/home" for 127.0.0.1 at 2017-04-03 13:47:15 +0700
  
ActionController::RoutingError (No route matches [GET] "/static_pages/home"):
  
actionpack (5.0.2) lib/action_dispatch/middleware/debug_exceptions.rb:53:in `call'
web-console (3.5.0) lib/web_console/middleware.rb:135:in `call_app'
web-console (3.5.0) lib/web_console/middleware.rb:28:in `block in call'
web-console (3.5.0) lib/web_console/middleware.rb:18:in `catch'
web-console (3.5.0) lib/web_console/middleware.rb:18:in `call'
actionpack (5.0.2) lib/action_dispatch/middleware/show_exceptions.rb:31:in `call'
railties (5.0.2) lib/rails/rack/logger.rb:36:in `call_app'
railties (5.0.2) lib/rails/rack/logger.rb:24:in `block in call'
activesupport (5.0.2) lib/active_support/tagged_logging.rb:69:in `block in tagged'
activesupport (5.0.2) lib/active_support/tagged_logging.rb:26:in `tagged'
activesupport (5.0.2) lib/active_support/tagged_logging.rb:69:in `tagged'
railties (5.0.2) lib/rails/rack/logger.rb:24:in `call'
sprockets-rails (3.2.0) lib/sprockets/rails/quiet_assets.rb:13:in `call'
actionpack (5.0.2) lib/action_dispatch/middleware/request_id.rb:24:in `call'
rack (2.0.1) lib/rack/method_override.rb:22:in `call'
rack (2.0.1) lib/rack/runtime.rb:22:in `call'
activesupport (5.0.2) lib/active_support/cache/strategy/local_cache_middleware.rb:28:in `call'
actionpack (5.0.2) lib/action_dispatch/middleware/executor.rb:12:in `call'
actionpack (5.0.2) lib/action_dispatch/middleware/static.rb:136:in `call'
rack (2.0.1) lib/rack/sendfile.rb:111:in `call'
railties (5.0.2) lib/rails/engine.rb:522:in `call'
puma (3.8.2) lib/puma/configuration.rb:224:in `call'
puma (3.8.2) lib/puma/server.rb:600:in `handle_request'
puma (3.8.2) lib/puma/server.rb:435:in `process_client'
puma (3.8.2) lib/puma/server.rb:299:in `block in run'
puma (3.8.2) lib/puma/thread_pool.rb:120:in `block in spawn_thread'
  Rendering /home/dieunguyen/.rvm/gems/ruby-2.4.0/gems/actionpack-5.0.2/lib/action_dispatch/middleware/templates/rescues/routing_error.html.erb within rescues/layout
  Rendering /home/dieunguyen/.rvm/gems/ruby-2.4.0/gems/actionpack-5.0.2/lib/action_dispatch/middleware/templates/rescues/_trace.html.erb
  Rendered /home/dieunguyen/.rvm/gems/ruby-2.4.0/gems/actionpack-5.0.2/lib/action_dispatch/middleware/templates/rescues/_trace.html.erb (5.0ms)
  Rendered collection of /home/dieunguyen/.rvm/gems/ruby-2.4.0/gems/actionpack-5.0.2/lib/action_dispatch/middleware/templates/routes/_route.html.erb [4 times] (2.4ms)
  Rendered /home/dieunguyen/.rvm/gems/ruby-2.4.0/gems/actionpack-5.0.2/lib/action_dispatch/middleware/templates/routes/_table.html.erb (6.7ms)
  Rendering /home/dieunguyen/.rvm/gems/ruby-2.4.0/gems/actionpack-5.0.2/lib/action_dispatch/middleware/templates/rescues/_request_and_response.html.erb
  Rendered /home/dieunguyen/.rvm/gems/ruby-2.4.0/gems/actionpack-5.0.2/lib/action_dispatch/middleware/templates/rescues/_request_and_response.html.erb (9.8ms)
  Rendered /home/dieunguyen/.rvm/gems/ruby-2.4.0/gems/actionpack-5.0.2/lib/action_dispatch/middleware/templates/rescues/routing_error.html.erb within rescues/layout (48.7ms)
Started GET "/" for 127.0.0.1 at 2017-04-03 13:47:27 +0700
Processing by StaticPagesController#home as HTML
  Rendering static_pages/home.html.erb within layouts/application
  Rendered static_pages/home.html.erb within layouts/application (0.4ms)
Completed 200 OK in 324ms (Views: 322.4ms | ActiveRecord: 0.0ms)


Started GET "/" for 127.0.0.1 at 2017-04-03 13:48:35 +0700
Processing by StaticPagesController#home as HTML
  Rendering static_pages/home.html.erb within layouts/application
  Rendered static_pages/home.html.erb within layouts/application (1.7ms)
Completed 200 OK in 23ms (Views: 21.8ms | ActiveRecord: 0.0ms)


Started GET "/" for 127.0.0.1 at 2017-04-03 13:56:44 +0700
Processing by StaticPagesController#home as HTML
  Rendering static_pages/home.html.erb within layouts/application
  Rendered static_pages/home.html.erb within layouts/application (336.3ms)
Completed 500 Internal Server Error in 352ms (ActiveRecord: 0.0ms)


  
ActionView::Template::Error (undefined method `symbolize_keys' for "Cat":String):
    12: 
    13: <%= link_to image_tag("rails.png", alt: "Rails logo"),
    14:             'http://rubyonrails.org/' %>
    15: <% image_tag("kitten.jpg", "Cat") %>
  
app/views/static_pages/home.html.erb:15:in `_app_views_static_pages_home_html_erb___1061741812028479055_39654360'
  Rendering /home/dieunguyen/.rvm/gems/ruby-2.4.0/gems/actionpack-5.0.2/lib/action_dispatch/middleware/templates/rescues/template_error.html.erb within rescues/layout
  Rendering /home/dieunguyen/.rvm/gems/ruby-2.4.0/gems/actionpack-5.0.2/lib/action_dispatch/middleware/templates/rescues/_source.html.erb
  Rendered /home/dieunguyen/.rvm/gems/ruby-2.4.0/gems/actionpack-5.0.2/lib/action_dispatch/middleware/templates/rescues/_source.html.erb (7.2ms)
  Rendering /home/dieunguyen/.rvm/gems/ruby-2.4.0/gems/actionpack-5.0.2/lib/action_dispatch/middleware/templates/rescues/_trace.html.erb
  Rendered /home/dieunguyen/.rvm/gems/ruby-2.4.0/gems/actionpack-5.0.2/lib/action_dispatch/middleware/templates/rescues/_trace.html.erb (2.2ms)
  Rendering /home/dieunguyen/.rvm/gems/ruby-2.4.0/gems/actionpack-5.0.2/lib/action_dispatch/middleware/templates/rescues/_request_and_response.html.erb
  Rendered /home/dieunguyen/.rvm/gems/ruby-2.4.0/gems/actionpack-5.0.2/lib/action_dispatch/middleware/templates/rescues/_request_and_response.html.erb (0.7ms)
  Rendered /home/dieunguyen/.rvm/gems/ruby-2.4.0/gems/actionpack-5.0.2/lib/action_dispatch/middleware/templates/rescues/template_error.html.erb within rescues/layout (41.5ms)
Started GET "/" for 127.0.0.1 at 2017-04-03 13:57:06 +0700
Processing by StaticPagesController#home as HTML
  Rendering static_pages/home.html.erb within layouts/application
  Rendered static_pages/home.html.erb within layouts/application (4.8ms)
Completed 200 OK in 105ms (Views: 103.1ms | ActiveRecord: 0.0ms)


Started GET "/" for 127.0.0.1 at 2017-04-03 13:57:31 +0700
Processing by StaticPagesController#home as HTML
  Rendering static_pages/home.html.erb within layouts/application
  Rendered static_pages/home.html.erb within layouts/application (3.4ms)
Completed 200 OK in 28ms (Views: 26.0ms | ActiveRecord: 0.0ms)


Started GET "/" for 127.0.0.1 at 2017-04-03 14:10:23 +0700
Processing by StaticPagesController#home as HTML
  Rendering static_pages/home.html.erb within layouts/application
  Rendered static_pages/home.html.erb within layouts/application (411.4ms)
Completed 200 OK in 493ms (Views: 483.1ms | ActiveRecord: 0.0ms)


Started GET "/" for 127.0.0.1 at 2017-04-03 14:11:35 +0700
Processing by StaticPagesController#home as HTML
  Rendering static_pages/home.html.erb within layouts/application
  Rendered static_pages/home.html.erb within layouts/application (201.3ms)
Completed 500 Internal Server Error in 217ms (ActiveRecord: 0.0ms)


  
ActionView::Template::Error (Invalid CSS after "...ort "bootstrap"": expected selector or at-rule, was "@import "bootst..."):
    10:   <%= link_to "Sign up now!", '#', class: "btn btn-lg btn-primary" %>
    11: </div>
    12: 
    13: <%= link_to image_tag("rails.png", alt: "Rails logo"),
    14:             'http://rubyonrails.org/' %>
    15: <%= image_tag("kitten.jpg", alt: "Cat") %>
  
app/assets/stylesheets/custom.scss:2
app/views/static_pages/home.html.erb:13:in `_app_views_static_pages_home_html_erb___2639969486430505752_69978307494200'
  Rendering /home/dieunguyen/.rvm/gems/ruby-2.4.0/gems/actionpack-5.0.2/lib/action_dispatch/middleware/templates/rescues/template_error.html.erb within rescues/layout
  Rendering /home/dieunguyen/.rvm/gems/ruby-2.4.0/gems/actionpack-5.0.2/lib/action_dispatch/middleware/templates/rescues/_source.html.erb
  Rendered /home/dieunguyen/.rvm/gems/ruby-2.4.0/gems/actionpack-5.0.2/lib/action_dispatch/middleware/templates/rescues/_source.html.erb (9.9ms)
  Rendering /home/dieunguyen/.rvm/gems/ruby-2.4.0/gems/actionpack-5.0.2/lib/action_dispatch/middleware/templates/rescues/_trace.html.erb
  Rendered /home/dieunguyen/.rvm/gems/ruby-2.4.0/gems/actionpack-5.0.2/lib/action_dispatch/middleware/templates/rescues/_trace.html.erb (3.0ms)
  Rendering /home/dieunguyen/.rvm/gems/ruby-2.4.0/gems/actionpack-5.0.2/lib/action_dispatch/middleware/templates/rescues/_request_and_response.html.erb
  Rendered /home/dieunguyen/.rvm/gems/ruby-2.4.0/gems/actionpack-5.0.2/lib/action_dispatch/middleware/templates/rescues/_request_and_response.html.erb (0.9ms)
  Rendered /home/dieunguyen/.rvm/gems/ruby-2.4.0/gems/actionpack-5.0.2/lib/action_dispatch/middleware/templates/rescues/template_error.html.erb within rescues/layout (31.6ms)
Started GET "/" for 127.0.0.1 at 2017-04-03 14:12:18 +0700
Processing by StaticPagesController#home as HTML
  Rendering static_pages/home.html.erb within layouts/application
  Rendered static_pages/home.html.erb within layouts/application (3347.6ms)
Completed 200 OK in 3399ms (Views: 3398.1ms | ActiveRecord: 0.0ms)


Started GET "/" for 127.0.0.1 at 2017-04-03 14:13:58 +0700
Processing by StaticPagesController#home as HTML
  Rendering static_pages/home.html.erb within layouts/application
  Rendered static_pages/home.html.erb within layouts/application (1770.9ms)
Completed 200 OK in 1846ms (Views: 1835.3ms | ActiveRecord: 0.0ms)


Started GET "/" for 127.0.0.1 at 2017-04-03 14:16:41 +0700
Processing by StaticPagesController#home as HTML
  Rendering static_pages/home.html.erb within layouts/application
  Rendered static_pages/home.html.erb within layouts/application (3.2ms)
Completed 200 OK in 1543ms (Views: 1541.4ms | ActiveRecord: 0.0ms)


Started GET "/" for 127.0.0.1 at 2017-04-03 14:17:04 +0700
Processing by StaticPagesController#home as HTML
  Rendering static_pages/home.html.erb within layouts/application
  Rendered static_pages/home.html.erb within layouts/application (232.5ms)
Completed 200 OK in 292ms (Views: 280.0ms | ActiveRecord: 0.0ms)


Started GET "/" for 127.0.0.1 at 2017-04-03 14:20:29 +0700
Processing by StaticPagesController#home as HTML
  Rendering static_pages/home.html.erb within layouts/application
  Rendered static_pages/home.html.erb within layouts/application (2.5ms)
Completed 200 OK in 1634ms (Views: 1633.1ms | ActiveRecord: 0.0ms)


Started GET "/" for 127.0.0.1 at 2017-04-03 14:20:56 +0700
Processing by StaticPagesController#home as HTML
  Rendering static_pages/home.html.erb within layouts/application
  Rendered static_pages/home.html.erb within layouts/application (234.4ms)
Completed 200 OK in 293ms (Views: 281.9ms | ActiveRecord: 0.0ms)


Started GET "/" for 127.0.0.1 at 2017-04-03 14:22:30 +0700
Processing by StaticPagesController#home as HTML
  Rendering static_pages/home.html.erb within layouts/application
  Rendered static_pages/home.html.erb within layouts/application (2.6ms)
Completed 200 OK in 1659ms (Views: 1658.0ms | ActiveRecord: 0.0ms)


Started GET "/" for 127.0.0.1 at 2017-04-03 14:23:54 +0700
Processing by StaticPagesController#home as HTML
  Rendering static_pages/home.html.erb within layouts/application
  Rendered static_pages/home.html.erb within layouts/application (1.8ms)
Completed 200 OK in 1531ms (Views: 1530.0ms | ActiveRecord: 0.0ms)


Started GET "/" for 127.0.0.1 at 2017-04-03 14:30:51 +0700
Processing by StaticPagesController#home as HTML
  Rendering static_pages/home.html.erb within layouts/application
  Rendered static_pages/home.html.erb within layouts/application (250.6ms)
  Rendered layouts/_shim.html.erb (0.3ms)
  Rendered layouts/_header.html.erb (0.4ms)
Completed 200 OK in 310ms (Views: 300.0ms | ActiveRecord: 0.0ms)


Started GET "/" for 127.0.0.1 at 2017-04-03 14:32:29 +0700
Processing by StaticPagesController#home as HTML
  Rendering static_pages/home.html.erb within layouts/application
  Rendered static_pages/home.html.erb within layouts/application (2.5ms)
  Rendered layouts/_shim.html.erb (0.4ms)
  Rendered layouts/_header.html.erb (0.5ms)
  Rendered layouts/_footer.html.erb (0.5ms)
Completed 200 OK in 35ms (Views: 33.5ms | ActiveRecord: 0.0ms)


Started GET "/" for 127.0.0.1 at 2017-04-03 14:37:13 +0700
Processing by StaticPagesController#home as HTML
  Rendering static_pages/home.html.erb within layouts/application
  Rendered static_pages/home.html.erb within layouts/application (2009.7ms)
  Rendered layouts/_shim.html.erb (0.3ms)
  Rendered layouts/_header.html.erb (0.5ms)
  Rendered layouts/_footer.html.erb (0.3ms)
Completed 200 OK in 2077ms (Views: 2067.3ms | ActiveRecord: 0.0ms)


Started GET "/" for 127.0.0.1 at 2017-04-03 14:39:16 +0700
Processing by StaticPagesController#home as HTML
  Rendering static_pages/home.html.erb within layouts/application
  Rendered static_pages/home.html.erb within layouts/application (1815.6ms)
  Rendered layouts/_shim.html.erb (0.3ms)
  Rendered layouts/_header.html.erb (0.9ms)
  Rendered layouts/_footer.html.erb (0.4ms)
Completed 200 OK in 1921ms (Views: 1910.9ms | ActiveRecord: 0.0ms)


Started GET "/" for 127.0.0.1 at 2017-04-03 14:40:46 +0700
Processing by StaticPagesController#home as HTML
  Rendering static_pages/home.html.erb within layouts/application
  Rendered static_pages/home.html.erb within layouts/application (1742.8ms)
  Rendered layouts/_shim.html.erb (0.3ms)
  Rendered layouts/_header.html.erb (0.5ms)
  Rendered layouts/_footer.html.erb (0.4ms)
Completed 200 OK in 1809ms (Views: 1797.9ms | ActiveRecord: 0.0ms)


Started GET "/" for 127.0.0.1 at 2017-04-03 14:48:08 +0700
Processing by StaticPagesController#home as HTML
  Rendering static_pages/home.html.erb within layouts/application
  Rendered static_pages/home.html.erb within layouts/application (3.6ms)
Completed 500 Internal Server Error in 13ms (ActiveRecord: 0.0ms)


  
ActionView::Template::Error (Missing partial layouts/_rails_default with {:locale=>[:en], :formats=>[:html], :variants=>[], :handlers=>[:raw, :erb, :html, :builder, :ruby, :coffee, :jbuilder]}. Searched in:
  * "/home/dieunguyen/app/filling-in-layout/app/views"
):
    2: <html>
    3:   <head>
    4:     <title><%= full_title(yield(:title)) %></title>
    5:     <%= render 'layouts/rails_default' %>
    6:     <%= render 'layouts/shim' %>
    7:   </head>
    8: 
  
app/views/layouts/application.html.erb:5:in `_app_views_layouts_application_html_erb__4188400335148197750_70015651397780'
  Rendering /home/dieunguyen/.rvm/gems/ruby-2.4.0/gems/actionpack-5.0.2/lib/action_dispatch/middleware/templates/rescues/template_error.html.erb within rescues/layout
  Rendering /home/dieunguyen/.rvm/gems/ruby-2.4.0/gems/actionpack-5.0.2/lib/action_dispatch/middleware/templates/rescues/_source.html.erb
  Rendered /home/dieunguyen/.rvm/gems/ruby-2.4.0/gems/actionpack-5.0.2/lib/action_dispatch/middleware/templates/rescues/_source.html.erb (5.8ms)
  Rendering /home/dieunguyen/.rvm/gems/ruby-2.4.0/gems/actionpack-5.0.2/lib/action_dispatch/middleware/templates/rescues/_trace.html.erb
  Rendered /home/dieunguyen/.rvm/gems/ruby-2.4.0/gems/actionpack-5.0.2/lib/action_dispatch/middleware/templates/rescues/_trace.html.erb (2.3ms)
  Rendering /home/dieunguyen/.rvm/gems/ruby-2.4.0/gems/actionpack-5.0.2/lib/action_dispatch/middleware/templates/rescues/_request_and_response.html.erb
  Rendered /home/dieunguyen/.rvm/gems/ruby-2.4.0/gems/actionpack-5.0.2/lib/action_dispatch/middleware/templates/rescues/_request_and_response.html.erb (0.7ms)
  Rendered /home/dieunguyen/.rvm/gems/ruby-2.4.0/gems/actionpack-5.0.2/lib/action_dispatch/middleware/templates/rescues/template_error.html.erb within rescues/layout (25.7ms)
Started GET "/" for 127.0.0.1 at 2017-04-03 14:49:46 +0700
Processing by StaticPagesController#home as HTML
  Rendering static_pages/home.html.erb within layouts/application
  Rendered static_pages/home.html.erb within layouts/application (206.3ms)
Completed 500 Internal Server Error in 224ms (ActiveRecord: 0.0ms)


  
ActionView::Template::Error (Missing partial layouts/_rails_default with {:locale=>[:en], :formats=>[:html], :variants=>[], :handlers=>[:raw, :erb, :html, :builder, :ruby, :coffee, :jbuilder]}. Searched in:
  * "/home/dieunguyen/app/filling-in-layout/app/views"
):
    2: <html>
    3:   <head>
    4:     <title><%= full_title(yield(:title)) %></title>
    5:     <%= render 'layouts/rails_default' %>
    6:     <%= render 'layouts/shim' %>
    7:   </head>
    8: 
  
app/views/layouts/application.html.erb:5:in `_app_views_layouts_application_html_erb__919223149156401447_70291569290180'
  Rendering /home/dieunguyen/.rvm/gems/ruby-2.4.0/gems/actionpack-5.0.2/lib/action_dispatch/middleware/templates/rescues/template_error.html.erb within rescues/layout
  Rendering /home/dieunguyen/.rvm/gems/ruby-2.4.0/gems/actionpack-5.0.2/lib/action_dispatch/middleware/templates/rescues/_source.html.erb
  Rendered /home/dieunguyen/.rvm/gems/ruby-2.4.0/gems/actionpack-5.0.2/lib/action_dispatch/middleware/templates/rescues/_source.html.erb (5.9ms)
  Rendering /home/dieunguyen/.rvm/gems/ruby-2.4.0/gems/actionpack-5.0.2/lib/action_dispatch/middleware/templates/rescues/_trace.html.erb
  Rendered /home/dieunguyen/.rvm/gems/ruby-2.4.0/gems/actionpack-5.0.2/lib/action_dispatch/middleware/templates/rescues/_trace.html.erb (2.2ms)
  Rendering /home/dieunguyen/.rvm/gems/ruby-2.4.0/gems/actionpack-5.0.2/lib/action_dispatch/middleware/templates/rescues/_request_and_response.html.erb
  Rendered /home/dieunguyen/.rvm/gems/ruby-2.4.0/gems/actionpack-5.0.2/lib/action_dispatch/middleware/templates/rescues/_request_and_response.html.erb (0.8ms)
  Rendered /home/dieunguyen/.rvm/gems/ruby-2.4.0/gems/actionpack-5.0.2/lib/action_dispatch/middleware/templates/rescues/template_error.html.erb within rescues/layout (25.7ms)
Started GET "/" for 127.0.0.1 at 2017-04-03 14:51:04 +0700
Processing by StaticPagesController#home as HTML
  Rendering static_pages/home.html.erb within layouts/application
  Rendered static_pages/home.html.erb within layouts/application (176.5ms)
Completed 500 Internal Server Error in 199ms (ActiveRecord: 0.0ms)


  
ActionView::Template::Error (Missing partial layouts/_rails_default with {:locale=>[:en], :formats=>[:html], :variants=>[], :handlers=>[:raw, :erb, :html, :builder, :ruby, :coffee, :jbuilder]}. Searched in:
  * "/home/dieunguyen/app/filling-in-layout/app/views"
):
    2: <html>
    3:   <head>
    4:     <title><%= full_title(yield(:title)) %></title>
    5:     <%= render 'layouts/rails_default' %>
    6:     <%= render 'layouts/shim' %>
    7:   </head>
    8: 
  
app/views/layouts/application.html.erb:5:in `_app_views_layouts_application_html_erb___4597324242438970257_21894100'
  Rendering /home/dieunguyen/.rvm/gems/ruby-2.4.0/gems/actionpack-5.0.2/lib/action_dispatch/middleware/templates/rescues/template_error.html.erb within rescues/layout
  Rendering /home/dieunguyen/.rvm/gems/ruby-2.4.0/gems/actionpack-5.0.2/lib/action_dispatch/middleware/templates/rescues/_source.html.erb
  Rendered /home/dieunguyen/.rvm/gems/ruby-2.4.0/gems/actionpack-5.0.2/lib/action_dispatch/middleware/templates/rescues/_source.html.erb (6.3ms)
  Rendering /home/dieunguyen/.rvm/gems/ruby-2.4.0/gems/actionpack-5.0.2/lib/action_dispatch/middleware/templates/rescues/_trace.html.erb
  Rendered /home/dieunguyen/.rvm/gems/ruby-2.4.0/gems/actionpack-5.0.2/lib/action_dispatch/middleware/templates/rescues/_trace.html.erb (2.5ms)
  Rendering /home/dieunguyen/.rvm/gems/ruby-2.4.0/gems/actionpack-5.0.2/lib/action_dispatch/middleware/templates/rescues/_request_and_response.html.erb
  Rendered /home/dieunguyen/.rvm/gems/ruby-2.4.0/gems/actionpack-5.0.2/lib/action_dispatch/middleware/templates/rescues/_request_and_response.html.erb (0.7ms)
  Rendered /home/dieunguyen/.rvm/gems/ruby-2.4.0/gems/actionpack-5.0.2/lib/action_dispatch/middleware/templates/rescues/template_error.html.erb within rescues/layout (26.7ms)
Started GET "/" for 127.0.0.1 at 2017-04-03 14:51:17 +0700
Processing by StaticPagesController#home as HTML
  Rendering static_pages/home.html.erb within layouts/application
  Rendered static_pages/home.html.erb within layouts/application (158.4ms)
Completed 500 Internal Server Error in 179ms (ActiveRecord: 0.0ms)


  
ActionView::Template::Error (Missing partial layouts/_rails_default with {:locale=>[:en], :formats=>[:html], :variants=>[], :handlers=>[:raw, :erb, :html, :builder, :ruby, :coffee, :jbuilder]}. Searched in:
  * "/home/dieunguyen/app/filling-in-layout/app/views"
):
    2: <html>
    3:   <head>
    4:     <title><%= full_title(yield(:title)) %></title>
    5:     <%= render 'layouts/rails_default' %>
    6:     <%= render 'layouts/shim' %>
    7:   </head>
    8: 
  
app/views/layouts/application.html.erb:5:in `_app_views_layouts_application_html_erb___2237800673441500140_70359890075020'
  Rendering /home/dieunguyen/.rvm/gems/ruby-2.4.0/gems/actionpack-5.0.2/lib/action_dispatch/middleware/templates/rescues/template_error.html.erb within rescues/layout
  Rendering /home/dieunguyen/.rvm/gems/ruby-2.4.0/gems/actionpack-5.0.2/lib/action_dispatch/middleware/templates/rescues/_source.html.erb
  Rendered /home/dieunguyen/.rvm/gems/ruby-2.4.0/gems/actionpack-5.0.2/lib/action_dispatch/middleware/templates/rescues/_source.html.erb (6.5ms)
  Rendering /home/dieunguyen/.rvm/gems/ruby-2.4.0/gems/actionpack-5.0.2/lib/action_dispatch/middleware/templates/rescues/_trace.html.erb
  Rendered /home/dieunguyen/.rvm/gems/ruby-2.4.0/gems/actionpack-5.0.2/lib/action_dispatch/middleware/templates/rescues/_trace.html.erb (2.3ms)
  Rendering /home/dieunguyen/.rvm/gems/ruby-2.4.0/gems/actionpack-5.0.2/lib/action_dispatch/middleware/templates/rescues/_request_and_response.html.erb
  Rendered /home/dieunguyen/.rvm/gems/ruby-2.4.0/gems/actionpack-5.0.2/lib/action_dispatch/middleware/templates/rescues/_request_and_response.html.erb (0.8ms)
  Rendered /home/dieunguyen/.rvm/gems/ruby-2.4.0/gems/actionpack-5.0.2/lib/action_dispatch/middleware/templates/rescues/template_error.html.erb within rescues/layout (26.7ms)
Started GET "/" for 127.0.0.1 at 2017-04-03 14:51:51 +0700
Processing by StaticPagesController#home as HTML
  Rendering static_pages/home.html.erb within layouts/application
  Rendered static_pages/home.html.erb within layouts/application (205.2ms)
  Rendered layouts/_rails_default.html.erb (45.0ms)
  Rendered layouts/_shim.html.erb (0.4ms)
  Rendered layouts/_header.html.erb (0.4ms)
  Rendered layouts/_footer.html.erb (0.3ms)
Completed 200 OK in 269ms (Views: 258.7ms | ActiveRecord: 0.0ms)


Started GET "/" for 127.0.0.1 at 2017-04-03 15:28:10 +0700
Processing by StaticPagesController#home as HTML
  Rendering static_pages/home.html.erb within layouts/application
  Rendered static_pages/home.html.erb within layouts/application (1799.8ms)
  Rendered layouts/_rails_default.html.erb (48.9ms)
  Rendered layouts/_shim.html.erb (0.3ms)
  Rendered layouts/_header.html.erb (0.4ms)
  Rendered layouts/_footer.html.erb (0.3ms)
Completed 200 OK in 1870ms (Views: 1857.4ms | ActiveRecord: 0.0ms)


Started GET "/helf" for 127.0.0.1 at 2017-04-03 15:28:18 +0700
  
ActionController::RoutingError (No route matches [GET] "/helf"):
  
actionpack (5.0.2) lib/action_dispatch/middleware/debug_exceptions.rb:53:in `call'
web-console (3.5.0) lib/web_console/middleware.rb:135:in `call_app'
web-console (3.5.0) lib/web_console/middleware.rb:28:in `block in call'
web-console (3.5.0) lib/web_console/middleware.rb:18:in `catch'
web-console (3.5.0) lib/web_console/middleware.rb:18:in `call'
actionpack (5.0.2) lib/action_dispatch/middleware/show_exceptions.rb:31:in `call'
railties (5.0.2) lib/rails/rack/logger.rb:36:in `call_app'
railties (5.0.2) lib/rails/rack/logger.rb:24:in `block in call'
activesupport (5.0.2) lib/active_support/tagged_logging.rb:69:in `block in tagged'
activesupport (5.0.2) lib/active_support/tagged_logging.rb:26:in `tagged'
activesupport (5.0.2) lib/active_support/tagged_logging.rb:69:in `tagged'
railties (5.0.2) lib/rails/rack/logger.rb:24:in `call'
sprockets-rails (3.2.0) lib/sprockets/rails/quiet_assets.rb:13:in `call'
actionpack (5.0.2) lib/action_dispatch/middleware/request_id.rb:24:in `call'
rack (2.0.1) lib/rack/method_override.rb:22:in `call'
rack (2.0.1) lib/rack/runtime.rb:22:in `call'
activesupport (5.0.2) lib/active_support/cache/strategy/local_cache_middleware.rb:28:in `call'
actionpack (5.0.2) lib/action_dispatch/middleware/executor.rb:12:in `call'
actionpack (5.0.2) lib/action_dispatch/middleware/static.rb:136:in `call'
rack (2.0.1) lib/rack/sendfile.rb:111:in `call'
railties (5.0.2) lib/rails/engine.rb:522:in `call'
puma (3.8.2) lib/puma/configuration.rb:224:in `call'
puma (3.8.2) lib/puma/server.rb:600:in `handle_request'
puma (3.8.2) lib/puma/server.rb:435:in `process_client'
puma (3.8.2) lib/puma/server.rb:299:in `block in run'
puma (3.8.2) lib/puma/thread_pool.rb:120:in `block in spawn_thread'
  Rendering /home/dieunguyen/.rvm/gems/ruby-2.4.0/gems/actionpack-5.0.2/lib/action_dispatch/middleware/templates/rescues/routing_error.html.erb within rescues/layout
  Rendering /home/dieunguyen/.rvm/gems/ruby-2.4.0/gems/actionpack-5.0.2/lib/action_dispatch/middleware/templates/rescues/_trace.html.erb
  Rendered /home/dieunguyen/.rvm/gems/ruby-2.4.0/gems/actionpack-5.0.2/lib/action_dispatch/middleware/templates/rescues/_trace.html.erb (1.6ms)
  Rendered collection of /home/dieunguyen/.rvm/gems/ruby-2.4.0/gems/actionpack-5.0.2/lib/action_dispatch/middleware/templates/routes/_route.html.erb [4 times] (3.1ms)
  Rendered /home/dieunguyen/.rvm/gems/ruby-2.4.0/gems/actionpack-5.0.2/lib/action_dispatch/middleware/templates/routes/_table.html.erb (7.0ms)
  Rendering /home/dieunguyen/.rvm/gems/ruby-2.4.0/gems/actionpack-5.0.2/lib/action_dispatch/middleware/templates/rescues/_request_and_response.html.erb
  Rendered /home/dieunguyen/.rvm/gems/ruby-2.4.0/gems/actionpack-5.0.2/lib/action_dispatch/middleware/templates/rescues/_request_and_response.html.erb (1.2ms)
  Rendered /home/dieunguyen/.rvm/gems/ruby-2.4.0/gems/actionpack-5.0.2/lib/action_dispatch/middleware/templates/rescues/routing_error.html.erb within rescues/layout (35.9ms)
Started GET "/about" for 127.0.0.1 at 2017-04-03 15:28:34 +0700
Processing by StaticPagesController#about as HTML
  Rendering static_pages/about.html.erb within layouts/application
  Rendered static_pages/about.html.erb within layouts/application (0.4ms)
  Rendered layouts/_rails_default.html.erb (30.3ms)
  Rendered layouts/_shim.html.erb (0.4ms)
  Rendered layouts/_header.html.erb (0.5ms)
  Rendered layouts/_footer.html.erb (0.4ms)
Completed 200 OK in 38ms (Views: 37.1ms | ActiveRecord: 0.0ms)


Started GET "/help" for 127.0.0.1 at 2017-04-03 15:28:41 +0700
Processing by StaticPagesController#help as HTML
  Rendering static_pages/help.html.erb within layouts/application
  Rendered static_pages/help.html.erb within layouts/application (0.4ms)
  Rendered layouts/_rails_default.html.erb (27.4ms)
  Rendered layouts/_shim.html.erb (0.4ms)
  Rendered layouts/_header.html.erb (0.6ms)
  Rendered layouts/_footer.html.erb (0.6ms)
Completed 200 OK in 37ms (Views: 35.1ms | ActiveRecord: 0.0ms)


Started GET "/" for 127.0.0.1 at 2017-04-03 15:30:29 +0700
Processing by StaticPagesController#home as HTML
  Rendering static_pages/home.html.erb within layouts/application
  Rendered static_pages/home.html.erb within layouts/application (221.0ms)
  Rendered layouts/_rails_default.html.erb (54.8ms)
  Rendered layouts/_shim.html.erb (0.5ms)
  Rendered layouts/_header.html.erb (0.6ms)
  Rendered layouts/_footer.html.erb (0.5ms)
Completed 200 OK in 296ms (Views: 286.0ms | ActiveRecord: 0.0ms)


Started GET "/about" for 127.0.0.1 at 2017-04-03 15:30:33 +0700
Processing by StaticPagesController#about as HTML
  Rendering static_pages/about.html.erb within layouts/application
  Rendered static_pages/about.html.erb within layouts/application (0.4ms)
  Rendered layouts/_rails_default.html.erb (29.6ms)
  Rendered layouts/_shim.html.erb (0.3ms)
  Rendered layouts/_header.html.erb (0.7ms)
  Rendered layouts/_footer.html.erb (0.8ms)
Completed 200 OK in 38ms (Views: 37.0ms | ActiveRecord: 0.0ms)


Started GET "/contact" for 127.0.0.1 at 2017-04-03 15:30:36 +0700
Processing by StaticPagesController#contact as HTML
  Rendering static_pages/contact.html.erb within layouts/application
  Rendered static_pages/contact.html.erb within layouts/application (0.6ms)
  Rendered layouts/_rails_default.html.erb (32.5ms)
  Rendered layouts/_shim.html.erb (0.3ms)
  Rendered layouts/_header.html.erb (0.7ms)
  Rendered layouts/_footer.html.erb (0.5ms)
Completed 200 OK in 42ms (Views: 40.7ms | ActiveRecord: 0.0ms)


Started GET "/" for 127.0.0.1 at 2017-04-03 15:30:51 +0700
Processing by StaticPagesController#home as HTML
  Rendering static_pages/home.html.erb within layouts/application
  Rendered static_pages/home.html.erb within layouts/application (2.9ms)
  Rendered layouts/_rails_default.html.erb (31.3ms)
  Rendered layouts/_shim.html.erb (0.3ms)
  Rendered layouts/_header.html.erb (0.8ms)
  Rendered layouts/_footer.html.erb (0.6ms)
Completed 200 OK in 43ms (Views: 41.3ms | ActiveRecord: 0.0ms)


Started GET "/help" for 127.0.0.1 at 2017-04-03 15:30:52 +0700
Processing by StaticPagesController#help as HTML
  Rendering static_pages/help.html.erb within layouts/application
  Rendered static_pages/help.html.erb within layouts/application (0.5ms)
  Rendered layouts/_rails_default.html.erb (37.3ms)
  Rendered layouts/_shim.html.erb (0.4ms)
  Rendered layouts/_header.html.erb (0.6ms)
  Rendered layouts/_footer.html.erb (0.4ms)
Completed 200 OK in 46ms (Views: 44.7ms | ActiveRecord: 0.0ms)


Started GET "/help" for 127.0.0.1 at 2017-04-03 15:31:58 +0700
Processing by StaticPagesController#help as HTML
  Rendering static_pages/help.html.erb within layouts/application
  Rendered static_pages/help.html.erb within layouts/application (0.6ms)
  Rendered layouts/_rails_default.html.erb (39.6ms)
  Rendered layouts/_shim.html.erb (0.5ms)
  Rendered layouts/_header.html.erb (239.7ms)
Completed 500 Internal Server Error in 288ms (ActiveRecord: 0.0ms)


  
ActionView::Template::Error (undefined local variable or method `help_path' for #<#<Class:0x007f2b280ed300>:0x007f2b2a0fa148>
Did you mean?  helf_path):
    4:         <nav>
    5:           <ul class="nav navbar-nav navbar-right">
    6:             <li><%= link_to "Home",   root_path %></li>
    7:             <li><%= link_to "Help",   help_path %></li>
    8:             <li><%= link_to "Log in", '#' %></li>
    9:           </ul>
   10:         </nav>
  
app/views/layouts/_header.html.erb:7:in `_app_views_layouts__header_html_erb__3319114154148813531_69911680310260'
app/views/layouts/application.html.erb:10:in `_app_views_layouts_application_html_erb__3155739881446443605_69911682978160'
  Rendering /home/dieunguyen/.rvm/gems/ruby-2.4.0/gems/actionpack-5.0.2/lib/action_dispatch/middleware/templates/rescues/template_error.html.erb within rescues/layout
  Rendering /home/dieunguyen/.rvm/gems/ruby-2.4.0/gems/actionpack-5.0.2/lib/action_dispatch/middleware/templates/rescues/_source.html.erb
  Rendered /home/dieunguyen/.rvm/gems/ruby-2.4.0/gems/actionpack-5.0.2/lib/action_dispatch/middleware/templates/rescues/_source.html.erb (16.3ms)
  Rendering /home/dieunguyen/.rvm/gems/ruby-2.4.0/gems/actionpack-5.0.2/lib/action_dispatch/middleware/templates/rescues/_trace.html.erb
  Rendered /home/dieunguyen/.rvm/gems/ruby-2.4.0/gems/actionpack-5.0.2/lib/action_dispatch/middleware/templates/rescues/_trace.html.erb (6.2ms)
  Rendering /home/dieunguyen/.rvm/gems/ruby-2.4.0/gems/actionpack-5.0.2/lib/action_dispatch/middleware/templates/rescues/_request_and_response.html.erb
  Rendered /home/dieunguyen/.rvm/gems/ruby-2.4.0/gems/actionpack-5.0.2/lib/action_dispatch/middleware/templates/rescues/_request_and_response.html.erb (1.4ms)
  Rendered /home/dieunguyen/.rvm/gems/ruby-2.4.0/gems/actionpack-5.0.2/lib/action_dispatch/middleware/templates/rescues/template_error.html.erb within rescues/layout (43.5ms)
Started GET "/" for 127.0.0.1 at 2017-04-03 15:32:06 +0700
Processing by StaticPagesController#home as HTML
  Rendering static_pages/home.html.erb within layouts/application
  Rendered static_pages/home.html.erb within layouts/application (5.1ms)
  Rendered layouts/_rails_default.html.erb (47.7ms)
  Rendered layouts/_shim.html.erb (0.3ms)
  Rendered layouts/_header.html.erb (237.2ms)
Completed 500 Internal Server Error in 296ms (ActiveRecord: 0.0ms)


  
ActionView::Template::Error (undefined local variable or method `help_path' for #<#<Class:0x007f2b280ed300>:0x007f2b2a0a5df0>
Did you mean?  helf_path):
    4:         <nav>
    5:           <ul class="nav navbar-nav navbar-right">
    6:             <li><%= link_to "Home",   root_path %></li>
    7:             <li><%= link_to "Help",   help_path %></li>
    8:             <li><%= link_to "Log in", '#' %></li>
    9:           </ul>
   10:         </nav>
  
app/views/layouts/_header.html.erb:7:in `_app_views_layouts__header_html_erb__3319114154148813531_69911684093000'
app/views/layouts/application.html.erb:10:in `_app_views_layouts_application_html_erb__3155739881446443605_69911682978400'
  Rendering /home/dieunguyen/.rvm/gems/ruby-2.4.0/gems/actionpack-5.0.2/lib/action_dispatch/middleware/templates/rescues/template_error.html.erb within rescues/layout
  Rendering /home/dieunguyen/.rvm/gems/ruby-2.4.0/gems/actionpack-5.0.2/lib/action_dispatch/middleware/templates/rescues/_source.html.erb
  Rendered /home/dieunguyen/.rvm/gems/ruby-2.4.0/gems/actionpack-5.0.2/lib/action_dispatch/middleware/templates/rescues/_source.html.erb (6.8ms)
  Rendering /home/dieunguyen/.rvm/gems/ruby-2.4.0/gems/actionpack-5.0.2/lib/action_dispatch/middleware/templates/rescues/_trace.html.erb
  Rendered /home/dieunguyen/.rvm/gems/ruby-2.4.0/gems/actionpack-5.0.2/lib/action_dispatch/middleware/templates/rescues/_trace.html.erb (2.5ms)
  Rendering /home/dieunguyen/.rvm/gems/ruby-2.4.0/gems/actionpack-5.0.2/lib/action_dispatch/middleware/templates/rescues/_request_and_response.html.erb
  Rendered /home/dieunguyen/.rvm/gems/ruby-2.4.0/gems/actionpack-5.0.2/lib/action_dispatch/middleware/templates/rescues/_request_and_response.html.erb (1.3ms)
  Rendered /home/dieunguyen/.rvm/gems/ruby-2.4.0/gems/actionpack-5.0.2/lib/action_dispatch/middleware/templates/rescues/template_error.html.erb within rescues/layout (27.5ms)
Started GET "/" for 127.0.0.1 at 2017-04-03 15:33:26 +0700
Processing by StaticPagesController#home as HTML
  Rendering static_pages/home.html.erb within layouts/application
  Rendered static_pages/home.html.erb within layouts/application (175.8ms)
  Rendered layouts/_rails_default.html.erb (63.3ms)
  Rendered layouts/_shim.html.erb (0.3ms)
  Rendered layouts/_header.html.erb (331.4ms)
Completed 500 Internal Server Error in 591ms (ActiveRecord: 0.0ms)


  
ActionView::Template::Error (undefined local variable or method `help_path' for #<#<Class:0x007f07685e8ff0>:0x007f07687f8a98>
Did you mean?  helf_path):
    4:         <nav>
    5:           <ul class="nav navbar-nav navbar-right">
    6:             <li><%= link_to "Home",   root_path %></li>
    7:             <li><%= link_to "Help",   help_path %></li>
    8:             <li><%= link_to "Log in", '#' %></li>
    9:           </ul>
   10:         </nav>
  
app/views/layouts/_header.html.erb:7:in `_app_views_layouts__header_html_erb___213325632448963152_69834907421520'
app/views/layouts/application.html.erb:10:in `_app_views_layouts_application_html_erb__3234156150899917788_69834896191380'
  Rendering /home/dieunguyen/.rvm/gems/ruby-2.4.0/gems/actionpack-5.0.2/lib/action_dispatch/middleware/templates/rescues/template_error.html.erb within rescues/layout
  Rendering /home/dieunguyen/.rvm/gems/ruby-2.4.0/gems/actionpack-5.0.2/lib/action_dispatch/middleware/templates/rescues/_source.html.erb
  Rendered /home/dieunguyen/.rvm/gems/ruby-2.4.0/gems/actionpack-5.0.2/lib/action_dispatch/middleware/templates/rescues/_source.html.erb (6.6ms)
  Rendering /home/dieunguyen/.rvm/gems/ruby-2.4.0/gems/actionpack-5.0.2/lib/action_dispatch/middleware/templates/rescues/_trace.html.erb
  Rendered /home/dieunguyen/.rvm/gems/ruby-2.4.0/gems/actionpack-5.0.2/lib/action_dispatch/middleware/templates/rescues/_trace.html.erb (2.3ms)
  Rendering /home/dieunguyen/.rvm/gems/ruby-2.4.0/gems/actionpack-5.0.2/lib/action_dispatch/middleware/templates/rescues/_request_and_response.html.erb
  Rendered /home/dieunguyen/.rvm/gems/ruby-2.4.0/gems/actionpack-5.0.2/lib/action_dispatch/middleware/templates/rescues/_request_and_response.html.erb (0.7ms)
  Rendered /home/dieunguyen/.rvm/gems/ruby-2.4.0/gems/actionpack-5.0.2/lib/action_dispatch/middleware/templates/rescues/template_error.html.erb within rescues/layout (26.8ms)
Started GET "/" for 127.0.0.1 at 2017-04-03 15:33:40 +0700
Processing by StaticPagesController#home as HTML
  Rendering static_pages/home.html.erb within layouts/application
  Rendered static_pages/home.html.erb within layouts/application (3.0ms)
  Rendered layouts/_rails_default.html.erb (26.0ms)
  Rendered layouts/_shim.html.erb (0.3ms)
  Rendered layouts/_header.html.erb (0.7ms)
  Rendered layouts/_footer.html.erb (0.6ms)
Completed 200 OK in 38ms (Views: 36.5ms | ActiveRecord: 0.0ms)


Started GET "/" for 127.0.0.1 at 2017-04-04 21:36:16 +0700
Processing by StaticPagesController#home as HTML
  Rendering static_pages/home.html.erb within layouts/application
  Rendered static_pages/home.html.erb within layouts/application (490.5ms)
  Rendered layouts/_rails_default.html.erb (119.5ms)
  Rendered layouts/_shim.html.erb (0.5ms)
  Rendered layouts/_header.html.erb (0.9ms)
  Rendered layouts/_footer.html.erb (0.5ms)
Completed 200 OK in 632ms (Views: 621.5ms | ActiveRecord: 0.0ms)


Started GET "/signup" for 127.0.0.1 at 2017-04-04 21:36:23 +0700
  
ActionController::RoutingError (No route matches [GET] "/signup"):
  
actionpack (5.0.2) lib/action_dispatch/middleware/debug_exceptions.rb:53:in `call'
web-console (3.5.0) lib/web_console/middleware.rb:135:in `call_app'
web-console (3.5.0) lib/web_console/middleware.rb:28:in `block in call'
web-console (3.5.0) lib/web_console/middleware.rb:18:in `catch'
web-console (3.5.0) lib/web_console/middleware.rb:18:in `call'
actionpack (5.0.2) lib/action_dispatch/middleware/show_exceptions.rb:31:in `call'
railties (5.0.2) lib/rails/rack/logger.rb:36:in `call_app'
railties (5.0.2) lib/rails/rack/logger.rb:24:in `block in call'
activesupport (5.0.2) lib/active_support/tagged_logging.rb:69:in `block in tagged'
activesupport (5.0.2) lib/active_support/tagged_logging.rb:26:in `tagged'
activesupport (5.0.2) lib/active_support/tagged_logging.rb:69:in `tagged'
railties (5.0.2) lib/rails/rack/logger.rb:24:in `call'
sprockets-rails (3.2.0) lib/sprockets/rails/quiet_assets.rb:13:in `call'
actionpack (5.0.2) lib/action_dispatch/middleware/request_id.rb:24:in `call'
rack (2.0.1) lib/rack/method_override.rb:22:in `call'
rack (2.0.1) lib/rack/runtime.rb:22:in `call'
activesupport (5.0.2) lib/active_support/cache/strategy/local_cache_middleware.rb:28:in `call'
actionpack (5.0.2) lib/action_dispatch/middleware/executor.rb:12:in `call'
actionpack (5.0.2) lib/action_dispatch/middleware/static.rb:136:in `call'
rack (2.0.1) lib/rack/sendfile.rb:111:in `call'
railties (5.0.2) lib/rails/engine.rb:522:in `call'
puma (3.8.2) lib/puma/configuration.rb:224:in `call'
puma (3.8.2) lib/puma/server.rb:600:in `handle_request'
puma (3.8.2) lib/puma/server.rb:435:in `process_client'
puma (3.8.2) lib/puma/server.rb:299:in `block in run'
puma (3.8.2) lib/puma/thread_pool.rb:120:in `block in spawn_thread'
  Rendering /home/dieunguyen/.rvm/gems/ruby-2.4.0/gems/actionpack-5.0.2/lib/action_dispatch/middleware/templates/rescues/routing_error.html.erb within rescues/layout
  Rendering /home/dieunguyen/.rvm/gems/ruby-2.4.0/gems/actionpack-5.0.2/lib/action_dispatch/middleware/templates/rescues/_trace.html.erb
  Rendered /home/dieunguyen/.rvm/gems/ruby-2.4.0/gems/actionpack-5.0.2/lib/action_dispatch/middleware/templates/rescues/_trace.html.erb (1.5ms)
  Rendered collection of /home/dieunguyen/.rvm/gems/ruby-2.4.0/gems/actionpack-5.0.2/lib/action_dispatch/middleware/templates/routes/_route.html.erb [5 times] (5.1ms)
  Rendered /home/dieunguyen/.rvm/gems/ruby-2.4.0/gems/actionpack-5.0.2/lib/action_dispatch/middleware/templates/routes/_table.html.erb (42.0ms)
  Rendering /home/dieunguyen/.rvm/gems/ruby-2.4.0/gems/actionpack-5.0.2/lib/action_dispatch/middleware/templates/rescues/_request_and_response.html.erb
  Rendered /home/dieunguyen/.rvm/gems/ruby-2.4.0/gems/actionpack-5.0.2/lib/action_dispatch/middleware/templates/rescues/_request_and_response.html.erb (1.3ms)
  Rendered /home/dieunguyen/.rvm/gems/ruby-2.4.0/gems/actionpack-5.0.2/lib/action_dispatch/middleware/templates/rescues/routing_error.html.erb within rescues/layout (78.7ms)
Started GET "/users/new" for 127.0.0.1 at 2017-04-04 21:36:32 +0700
Processing by UsersController#new as HTML
  Rendering users/new.html.erb within layouts/application
  Rendered users/new.html.erb within layouts/application (1.0ms)
  Rendered layouts/_rails_default.html.erb (34.2ms)
  Rendered layouts/_shim.html.erb (0.4ms)
  Rendered layouts/_header.html.erb (0.8ms)
  Rendered layouts/_footer.html.erb (0.6ms)
Completed 200 OK in 46ms (Views: 44.6ms | ActiveRecord: 0.0ms)


Started GET "/signup" for 127.0.0.1 at 2017-04-04 21:38:03 +0700
Processing by UsersController#new as HTML
  Rendering users/new.html.erb within layouts/application
  Rendered users/new.html.erb within layouts/application (1.2ms)
  Rendered layouts/_rails_default.html.erb (231.1ms)
  Rendered layouts/_shim.html.erb (0.4ms)
  Rendered layouts/_header.html.erb (1.0ms)
  Rendered layouts/_footer.html.erb (0.8ms)
Completed 200 OK in 255ms (Views: 242.5ms | ActiveRecord: 0.0ms)


Started GET "/" for 127.0.0.1 at 2017-04-04 21:39:48 +0700
Processing by StaticPagesController#home as HTML
  Rendering static_pages/home.html.erb within layouts/application
  Rendered static_pages/home.html.erb within layouts/application (300.0ms)
Completed 500 Internal Server Error in 305ms (ActiveRecord: 0.0ms)


  
ActionView::Template::Error (undefined local variable or method `sign_up_path' for #<#<Class:0x007f9e2178f458>:0x007f9e2178c960>
Did you mean?  signup_path):
     7:     sample application.
     8:   </h2>
     9: 
    10:   <%= link_to "Sign up now!", sign_up_path , class: "btn btn-lg btn-primary" %>
    11: </div>
    12: 
    13: <%= link_to image_tag("rails.png", alt: "Rails logo"),
  
app/views/static_pages/home.html.erb:10:in `_app_views_static_pages_home_html_erb__1687512296439692440_70158571611460'
  Rendering /home/dieunguyen/.rvm/gems/ruby-2.4.0/gems/actionpack-5.0.2/lib/action_dispatch/middleware/templates/rescues/template_error.html.erb within rescues/layout
  Rendering /home/dieunguyen/.rvm/gems/ruby-2.4.0/gems/actionpack-5.0.2/lib/action_dispatch/middleware/templates/rescues/_source.html.erb
  Rendered /home/dieunguyen/.rvm/gems/ruby-2.4.0/gems/actionpack-5.0.2/lib/action_dispatch/middleware/templates/rescues/_source.html.erb (7.6ms)
  Rendering /home/dieunguyen/.rvm/gems/ruby-2.4.0/gems/actionpack-5.0.2/lib/action_dispatch/middleware/templates/rescues/_trace.html.erb
  Rendered /home/dieunguyen/.rvm/gems/ruby-2.4.0/gems/actionpack-5.0.2/lib/action_dispatch/middleware/templates/rescues/_trace.html.erb (2.4ms)
  Rendering /home/dieunguyen/.rvm/gems/ruby-2.4.0/gems/actionpack-5.0.2/lib/action_dispatch/middleware/templates/rescues/_request_and_response.html.erb
  Rendered /home/dieunguyen/.rvm/gems/ruby-2.4.0/gems/actionpack-5.0.2/lib/action_dispatch/middleware/templates/rescues/_request_and_response.html.erb (0.8ms)
  Rendered /home/dieunguyen/.rvm/gems/ruby-2.4.0/gems/actionpack-5.0.2/lib/action_dispatch/middleware/templates/rescues/template_error.html.erb within rescues/layout (43.9ms)
Started GET "/" for 127.0.0.1 at 2017-04-04 21:40:27 +0700
Processing by StaticPagesController#home as HTML
  Rendering static_pages/home.html.erb within layouts/application
  Rendered static_pages/home.html.erb within layouts/application (4.7ms)
  Rendered layouts/_rails_default.html.erb (33.4ms)
  Rendered layouts/_shim.html.erb (0.3ms)
  Rendered layouts/_header.html.erb (0.6ms)
  Rendered layouts/_footer.html.erb (0.6ms)
Completed 200 OK in 50ms (Views: 47.6ms | ActiveRecord: 0.0ms)


Started GET "/signup" for 127.0.0.1 at 2017-04-04 21:40:29 +0700
Processing by UsersController#new as HTML
  Rendering users/new.html.erb within layouts/application
  Rendered users/new.html.erb within layouts/application (0.4ms)
  Rendered layouts/_rails_default.html.erb (38.5ms)
  Rendered layouts/_shim.html.erb (0.3ms)
  Rendered layouts/_header.html.erb (0.8ms)
  Rendered layouts/_footer.html.erb (0.8ms)
Completed 200 OK in 48ms (Views: 46.7ms | ActiveRecord: 0.0ms)


Started GET "/signup" for 127.0.0.1 at 2017-04-04 21:43:14 +0700
Processing by UsersController#new as HTML
  Rendering users/new.html.erb within layouts/application
  Rendered users/new.html.erb within layouts/application (0.5ms)
  Rendered layouts/_rails_default.html.erb (35.3ms)
  Rendered layouts/_shim.html.erb (0.3ms)
  Rendered layouts/_header.html.erb (0.7ms)
  Rendered layouts/_footer.html.erb (0.6ms)
Completed 200 OK in 43ms (Views: 42.2ms | ActiveRecord: 0.0ms)


